2013/09/12 01:00:12 [error] [exception.CException] exception 'CException' with message 'Property "CActiveForm.type" is not defined.' in /home/xexu/yii/framework/base/CComponent.php:173
Stack trace:
#0 /home/xexu/yii/framework/web/CWidgetFactory.php(161): CComponent->__set('type', 'horizontal')
#1 /home/xexu/yii/framework/web/CBaseController.php(146): CWidgetFactory->createWidget(Object(PostController), 'CActiveForm', Array)
#2 /home/xexu/yii/framework/web/CBaseController.php(189): CBaseController->createWidget('CActiveForm', Array)
#3 /home/xexu/yii/svga/protected/views/post/_form.php(15): CBaseController->beginWidget('CActiveForm', Array)
#4 /home/xexu/yii/framework/web/CBaseController.php(126): require('/home/xexu/yii/...')
#5 /home/xexu/yii/framework/web/CBaseController.php(95): CBaseController->renderInternal('/home/xexu/yii/...', Array, true)
#6 /home/xexu/yii/framework/web/CController.php(869): CBaseController->renderFile('/home/xexu/yii/...', Array, true)
#7 /home/xexu/yii/svga/protected/views/post/create.php(18): CController->renderPartial('_form', Array)
#8 /home/xexu/yii/framework/web/CBaseController.php(126): require('/home/xexu/yii/...')
#9 /home/xexu/yii/framework/web/CBaseController.php(95): CBaseController->renderInternal('/home/xexu/yii/...', Array, true)
#10 /home/xexu/yii/framework/web/CController.php(869): CBaseController->renderFile('/home/xexu/yii/...', Array, true)
#11 /home/xexu/yii/framework/web/CController.php(782): CController->renderPartial('create', Array, true)
#12 /home/xexu/yii/svga/protected/controllers/PostController.php(86): CController->render('create', Array)
#13 /home/xexu/yii/framework/web/actions/CInlineAction.php(49): PostController->actionCreate()
#14 /home/xexu/yii/framework/web/CController.php(308): CInlineAction->runWithParams(Array)
#15 /home/xexu/yii/framework/web/filters/CFilterChain.php(133): CController->runAction(Object(CInlineAction))
#16 /home/xexu/yii/framework/web/filters/CFilter.php(40): CFilterChain->run()
#17 /home/xexu/yii/framework/web/CController.php(1145): CFilter->filter(Object(CFilterChain))
#18 /home/xexu/yii/framework/web/filters/CInlineFilter.php(58): CController->filterAccessControl(Object(CFilterChain))
#19 /home/xexu/yii/framework/web/filters/CFilterChain.php(130): CInlineFilter->filter(Object(CFilterChain))
#20 /home/xexu/yii/framework/web/CController.php(291): CFilterChain->run()
#21 /home/xexu/yii/framework/web/CController.php(265): CController->runActionWithFilters(Object(CInlineAction), Array)
#22 /home/xexu/yii/framework/web/CWebApplication.php(282): CController->run('create')
#23 /home/xexu/yii/framework/web/CWebApplication.php(141): CWebApplication->runController('post/create')
#24 /home/xexu/yii/framework/base/CApplication.php(169): CWebApplication->processRequest()
#25 /home/xexu/yii/svga/index.php(13): CApplication->run()
#26 {main}
REQUEST_URI=/svga/index.php/post/create
---
2013/09/12 01:00:13 [error] [exception.CException] exception 'CException' with message 'Property "CActiveForm.type" is not defined.' in /home/xexu/yii/framework/base/CComponent.php:173
Stack trace:
#0 /home/xexu/yii/framework/web/CWidgetFactory.php(161): CComponent->__set('type', 'horizontal')
#1 /home/xexu/yii/framework/web/CBaseController.php(146): CWidgetFactory->createWidget(Object(PostController), 'CActiveForm', Array)
#2 /home/xexu/yii/framework/web/CBaseController.php(189): CBaseController->createWidget('CActiveForm', Array)
#3 /home/xexu/yii/svga/protected/views/post/_form.php(15): CBaseController->beginWidget('CActiveForm', Array)
#4 /home/xexu/yii/framework/web/CBaseController.php(126): require('/home/xexu/yii/...')
#5 /home/xexu/yii/framework/web/CBaseController.php(95): CBaseController->renderInternal('/home/xexu/yii/...', Array, true)
#6 /home/xexu/yii/framework/web/CController.php(869): CBaseController->renderFile('/home/xexu/yii/...', Array, true)
#7 /home/xexu/yii/svga/protected/views/post/create.php(18): CController->renderPartial('_form', Array)
#8 /home/xexu/yii/framework/web/CBaseController.php(126): require('/home/xexu/yii/...')
#9 /home/xexu/yii/framework/web/CBaseController.php(95): CBaseController->renderInternal('/home/xexu/yii/...', Array, true)
#10 /home/xexu/yii/framework/web/CController.php(869): CBaseController->renderFile('/home/xexu/yii/...', Array, true)
#11 /home/xexu/yii/framework/web/CController.php(782): CController->renderPartial('create', Array, true)
#12 /home/xexu/yii/svga/protected/controllers/PostController.php(86): CController->render('create', Array)
#13 /home/xexu/yii/framework/web/actions/CInlineAction.php(49): PostController->actionCreate()
#14 /home/xexu/yii/framework/web/CController.php(308): CInlineAction->runWithParams(Array)
#15 /home/xexu/yii/framework/web/filters/CFilterChain.php(133): CController->runAction(Object(CInlineAction))
#16 /home/xexu/yii/framework/web/filters/CFilter.php(40): CFilterChain->run()
#17 /home/xexu/yii/framework/web/CController.php(1145): CFilter->filter(Object(CFilterChain))
#18 /home/xexu/yii/framework/web/filters/CInlineFilter.php(58): CController->filterAccessControl(Object(CFilterChain))
#19 /home/xexu/yii/framework/web/filters/CFilterChain.php(130): CInlineFilter->filter(Object(CFilterChain))
#20 /home/xexu/yii/framework/web/CController.php(291): CFilterChain->run()
#21 /home/xexu/yii/framework/web/CController.php(265): CController->runActionWithFilters(Object(CInlineAction), Array)
#22 /home/xexu/yii/framework/web/CWebApplication.php(282): CController->run('create')
#23 /home/xexu/yii/framework/web/CWebApplication.php(141): CWebApplication->runController('post/create')
#24 /home/xexu/yii/framework/base/CApplication.php(169): CWebApplication->processRequest()
#25 /home/xexu/yii/svga/index.php(13): CApplication->run()
#26 {main}
REQUEST_URI=/svga/index.php/post/create
---
2013/09/12 01:00:21 [error] [exception.CException] exception 'CException' with message 'Property "CActiveForm.type" is not defined.' in /home/xexu/yii/framework/base/CComponent.php:173
Stack trace:
#0 /home/xexu/yii/framework/web/CWidgetFactory.php(161): CComponent->__set('type', 'horizontal')
#1 /home/xexu/yii/framework/web/CBaseController.php(146): CWidgetFactory->createWidget(Object(PostController), 'CActiveForm', Array)
#2 /home/xexu/yii/framework/web/CBaseController.php(189): CBaseController->createWidget('CActiveForm', Array)
#3 /home/xexu/yii/svga/protected/views/post/_form.php(14): CBaseController->beginWidget('CActiveForm', Array)
#4 /home/xexu/yii/framework/web/CBaseController.php(126): require('/home/xexu/yii/...')
#5 /home/xexu/yii/framework/web/CBaseController.php(95): CBaseController->renderInternal('/home/xexu/yii/...', Array, true)
#6 /home/xexu/yii/framework/web/CController.php(869): CBaseController->renderFile('/home/xexu/yii/...', Array, true)
#7 /home/xexu/yii/svga/protected/views/post/create.php(18): CController->renderPartial('_form', Array)
#8 /home/xexu/yii/framework/web/CBaseController.php(126): require('/home/xexu/yii/...')
#9 /home/xexu/yii/framework/web/CBaseController.php(95): CBaseController->renderInternal('/home/xexu/yii/...', Array, true)
#10 /home/xexu/yii/framework/web/CController.php(869): CBaseController->renderFile('/home/xexu/yii/...', Array, true)
#11 /home/xexu/yii/framework/web/CController.php(782): CController->renderPartial('create', Array, true)
#12 /home/xexu/yii/svga/protected/controllers/PostController.php(86): CController->render('create', Array)
#13 /home/xexu/yii/framework/web/actions/CInlineAction.php(49): PostController->actionCreate()
#14 /home/xexu/yii/framework/web/CController.php(308): CInlineAction->runWithParams(Array)
#15 /home/xexu/yii/framework/web/filters/CFilterChain.php(133): CController->runAction(Object(CInlineAction))
#16 /home/xexu/yii/framework/web/filters/CFilter.php(40): CFilterChain->run()
#17 /home/xexu/yii/framework/web/CController.php(1145): CFilter->filter(Object(CFilterChain))
#18 /home/xexu/yii/framework/web/filters/CInlineFilter.php(58): CController->filterAccessControl(Object(CFilterChain))
#19 /home/xexu/yii/framework/web/filters/CFilterChain.php(130): CInlineFilter->filter(Object(CFilterChain))
#20 /home/xexu/yii/framework/web/CController.php(291): CFilterChain->run()
#21 /home/xexu/yii/framework/web/CController.php(265): CController->runActionWithFilters(Object(CInlineAction), Array)
#22 /home/xexu/yii/framework/web/CWebApplication.php(282): CController->run('create')
#23 /home/xexu/yii/framework/web/CWebApplication.php(141): CWebApplication->runController('post/create')
#24 /home/xexu/yii/framework/base/CApplication.php(169): CWebApplication->processRequest()
#25 /home/xexu/yii/svga/index.php(13): CApplication->run()
#26 {main}
REQUEST_URI=/svga/index.php/post/create
---
2013/09/12 01:00:21 [error] [exception.CException] exception 'CException' with message 'Property "CActiveForm.type" is not defined.' in /home/xexu/yii/framework/base/CComponent.php:173
Stack trace:
#0 /home/xexu/yii/framework/web/CWidgetFactory.php(161): CComponent->__set('type', 'horizontal')
#1 /home/xexu/yii/framework/web/CBaseController.php(146): CWidgetFactory->createWidget(Object(PostController), 'CActiveForm', Array)
#2 /home/xexu/yii/framework/web/CBaseController.php(189): CBaseController->createWidget('CActiveForm', Array)
#3 /home/xexu/yii/svga/protected/views/post/_form.php(14): CBaseController->beginWidget('CActiveForm', Array)
#4 /home/xexu/yii/framework/web/CBaseController.php(126): require('/home/xexu/yii/...')
#5 /home/xexu/yii/framework/web/CBaseController.php(95): CBaseController->renderInternal('/home/xexu/yii/...', Array, true)
#6 /home/xexu/yii/framework/web/CController.php(869): CBaseController->renderFile('/home/xexu/yii/...', Array, true)
#7 /home/xexu/yii/svga/protected/views/post/create.php(18): CController->renderPartial('_form', Array)
#8 /home/xexu/yii/framework/web/CBaseController.php(126): require('/home/xexu/yii/...')
#9 /home/xexu/yii/framework/web/CBaseController.php(95): CBaseController->renderInternal('/home/xexu/yii/...', Array, true)
#10 /home/xexu/yii/framework/web/CController.php(869): CBaseController->renderFile('/home/xexu/yii/...', Array, true)
#11 /home/xexu/yii/framework/web/CController.php(782): CController->renderPartial('create', Array, true)
#12 /home/xexu/yii/svga/protected/controllers/PostController.php(86): CController->render('create', Array)
#13 /home/xexu/yii/framework/web/actions/CInlineAction.php(49): PostController->actionCreate()
#14 /home/xexu/yii/framework/web/CController.php(308): CInlineAction->runWithParams(Array)
#15 /home/xexu/yii/framework/web/filters/CFilterChain.php(133): CController->runAction(Object(CInlineAction))
#16 /home/xexu/yii/framework/web/filters/CFilter.php(40): CFilterChain->run()
#17 /home/xexu/yii/framework/web/CController.php(1145): CFilter->filter(Object(CFilterChain))
#18 /home/xexu/yii/framework/web/filters/CInlineFilter.php(58): CController->filterAccessControl(Object(CFilterChain))
#19 /home/xexu/yii/framework/web/filters/CFilterChain.php(130): CInlineFilter->filter(Object(CFilterChain))
#20 /home/xexu/yii/framework/web/CController.php(291): CFilterChain->run()
#21 /home/xexu/yii/framework/web/CController.php(265): CController->runActionWithFilters(Object(CInlineAction), Array)
#22 /home/xexu/yii/framework/web/CWebApplication.php(282): CController->run('create')
#23 /home/xexu/yii/framework/web/CWebApplication.php(141): CWebApplication->runController('post/create')
#24 /home/xexu/yii/framework/base/CApplication.php(169): CWebApplication->processRequest()
#25 /home/xexu/yii/svga/index.php(13): CApplication->run()
#26 {main}
REQUEST_URI=/svga/index.php/post/create
---
2013/09/12 01:00:22 [error] [exception.CException] exception 'CException' with message 'Property "CActiveForm.type" is not defined.' in /home/xexu/yii/framework/base/CComponent.php:173
Stack trace:
#0 /home/xexu/yii/framework/web/CWidgetFactory.php(161): CComponent->__set('type', 'horizontal')
#1 /home/xexu/yii/framework/web/CBaseController.php(146): CWidgetFactory->createWidget(Object(PostController), 'CActiveForm', Array)
#2 /home/xexu/yii/framework/web/CBaseController.php(189): CBaseController->createWidget('CActiveForm', Array)
#3 /home/xexu/yii/svga/protected/views/post/_form.php(14): CBaseController->beginWidget('CActiveForm', Array)
#4 /home/xexu/yii/framework/web/CBaseController.php(126): require('/home/xexu/yii/...')
#5 /home/xexu/yii/framework/web/CBaseController.php(95): CBaseController->renderInternal('/home/xexu/yii/...', Array, true)
#6 /home/xexu/yii/framework/web/CController.php(869): CBaseController->renderFile('/home/xexu/yii/...', Array, true)
#7 /home/xexu/yii/svga/protected/views/post/create.php(18): CController->renderPartial('_form', Array)
#8 /home/xexu/yii/framework/web/CBaseController.php(126): require('/home/xexu/yii/...')
#9 /home/xexu/yii/framework/web/CBaseController.php(95): CBaseController->renderInternal('/home/xexu/yii/...', Array, true)
#10 /home/xexu/yii/framework/web/CController.php(869): CBaseController->renderFile('/home/xexu/yii/...', Array, true)
#11 /home/xexu/yii/framework/web/CController.php(782): CController->renderPartial('create', Array, true)
#12 /home/xexu/yii/svga/protected/controllers/PostController.php(86): CController->render('create', Array)
#13 /home/xexu/yii/framework/web/actions/CInlineAction.php(49): PostController->actionCreate()
#14 /home/xexu/yii/framework/web/CController.php(308): CInlineAction->runWithParams(Array)
#15 /home/xexu/yii/framework/web/filters/CFilterChain.php(133): CController->runAction(Object(CInlineAction))
#16 /home/xexu/yii/framework/web/filters/CFilter.php(40): CFilterChain->run()
#17 /home/xexu/yii/framework/web/CController.php(1145): CFilter->filter(Object(CFilterChain))
#18 /home/xexu/yii/framework/web/filters/CInlineFilter.php(58): CController->filterAccessControl(Object(CFilterChain))
#19 /home/xexu/yii/framework/web/filters/CFilterChain.php(130): CInlineFilter->filter(Object(CFilterChain))
#20 /home/xexu/yii/framework/web/CController.php(291): CFilterChain->run()
#21 /home/xexu/yii/framework/web/CController.php(265): CController->runActionWithFilters(Object(CInlineAction), Array)
#22 /home/xexu/yii/framework/web/CWebApplication.php(282): CController->run('create')
#23 /home/xexu/yii/framework/web/CWebApplication.php(141): CWebApplication->runController('post/create')
#24 /home/xexu/yii/framework/base/CApplication.php(169): CWebApplication->processRequest()
#25 /home/xexu/yii/svga/index.php(13): CApplication->run()
#26 {main}
REQUEST_URI=/svga/index.php/post/create
---
2013/09/13 20:59:39 [error] [php] Use of undefined constant blanks - assumed 'blanks' (/home/xexu/yii/svga/protected/views/post/_view.php:22)
Stack trace:
#0 /home/xexu/yii/framework/zii/widgets/CListView.php(282): PostController->renderFile()
#1 /home/xexu/yii/framework/zii/widgets/CBaseListView.php(160): CListView->renderItems()
#2 unknown(0): CListView->renderSection()
#3 /home/xexu/yii/framework/zii/widgets/CBaseListView.php(143): preg_replace_callback()
#4 /home/xexu/yii/framework/zii/widgets/CBaseListView.php(128): CListView->renderContent()
#5 /home/xexu/yii/framework/web/CBaseController.php(173): CListView->run()
#6 /home/xexu/yii/svga/protected/views/post/index.php(22): PostController->widget()
#7 /home/xexu/yii/framework/web/CBaseController.php(126): require()
#8 /home/xexu/yii/framework/web/CBaseController.php(95): PostController->renderInternal()
#9 /home/xexu/yii/framework/web/CController.php(869): PostController->renderFile()
#10 /home/xexu/yii/framework/web/CController.php(782): PostController->renderPartial()
#11 /home/xexu/yii/svga/protected/controllers/PostController.php(169): PostController->render()
#12 /home/xexu/yii/framework/web/actions/CInlineAction.php(49): PostController->actionIndex()
#13 /home/xexu/yii/framework/web/CController.php(308): CInlineAction->runWithParams()
#14 /home/xexu/yii/framework/web/filters/CFilterChain.php(133): PostController->runAction()
#15 /home/xexu/yii/framework/web/filters/CFilter.php(40): CFilterChain->run()
#16 /home/xexu/yii/framework/web/CController.php(1145): CAccessControlFilter->filter()
#17 /home/xexu/yii/framework/web/filters/CInlineFilter.php(58): PostController->filterAccessControl()
#18 /home/xexu/yii/framework/web/filters/CFilterChain.php(130): CInlineFilter->filter()
#19 /home/xexu/yii/framework/web/CController.php(291): CFilterChain->run()
#20 /home/xexu/yii/framework/web/CController.php(265): PostController->runActionWithFilters()
#21 /home/xexu/yii/framework/web/CWebApplication.php(282): PostController->run()
#22 /home/xexu/yii/framework/web/CWebApplication.php(141): CWebApplication->runController()
#23 /home/xexu/yii/framework/base/CApplication.php(169): CWebApplication->processRequest()
#24 /home/xexu/yii/svga/index.php(13): CWebApplication->run()
REQUEST_URI=/svga/index.php/post/index
in /home/xexu/yii/svga/protected/views/post/_view.php (22)
in /home/xexu/yii/svga/protected/views/post/index.php (22)
in /home/xexu/yii/svga/protected/controllers/PostController.php (169)
2013/09/14 12:35:12 [error] [php] Undefined variable: nueva (/home/xexu/yii/svga/protected/views/post/_view.php:25)
Stack trace:
#0 /home/xexu/yii/framework/zii/widgets/CListView.php(282): PostController->renderFile()
#1 /home/xexu/yii/framework/zii/widgets/CBaseListView.php(160): CListView->renderItems()
#2 unknown(0): CListView->renderSection()
#3 /home/xexu/yii/framework/zii/widgets/CBaseListView.php(143): preg_replace_callback()
#4 /home/xexu/yii/framework/zii/widgets/CBaseListView.php(128): CListView->renderContent()
#5 /home/xexu/yii/framework/web/CBaseController.php(173): CListView->run()
#6 /home/xexu/yii/svga/protected/views/post/index.php(22): PostController->widget()
#7 /home/xexu/yii/framework/web/CBaseController.php(126): require()
#8 /home/xexu/yii/framework/web/CBaseController.php(95): PostController->renderInternal()
#9 /home/xexu/yii/framework/web/CController.php(869): PostController->renderFile()
#10 /home/xexu/yii/framework/web/CController.php(782): PostController->renderPartial()
#11 /home/xexu/yii/svga/protected/controllers/PostController.php(169): PostController->render()
#12 /home/xexu/yii/framework/web/actions/CInlineAction.php(49): PostController->actionIndex()
#13 /home/xexu/yii/framework/web/CController.php(308): CInlineAction->runWithParams()
#14 /home/xexu/yii/framework/web/filters/CFilterChain.php(133): PostController->runAction()
#15 /home/xexu/yii/framework/web/filters/CFilter.php(40): CFilterChain->run()
#16 /home/xexu/yii/framework/web/CController.php(1145): CAccessControlFilter->filter()
#17 /home/xexu/yii/framework/web/filters/CInlineFilter.php(58): PostController->filterAccessControl()
#18 /home/xexu/yii/framework/web/filters/CFilterChain.php(130): CInlineFilter->filter()
#19 /home/xexu/yii/framework/web/CController.php(291): CFilterChain->run()
#20 /home/xexu/yii/framework/web/CController.php(265): PostController->runActionWithFilters()
#21 /home/xexu/yii/framework/web/CWebApplication.php(282): PostController->run()
#22 /home/xexu/yii/framework/web/CWebApplication.php(141): CWebApplication->runController()
#23 /home/xexu/yii/framework/base/CApplication.php(169): CWebApplication->processRequest()
#24 /home/xexu/yii/svga/index.php(13): CWebApplication->run()
REQUEST_URI=/svga/index.php/post/index
in /home/xexu/yii/svga/protected/views/post/_view.php (25)
in /home/xexu/yii/svga/protected/views/post/index.php (22)
in /home/xexu/yii/svga/protected/controllers/PostController.php (169)
